#
# There is insufficient memory for the Java Runtime Environment to continue.
# Native memory allocation (malloc) failed to allocate 2223936 bytes for Chunk::new
# Possible reasons:
#   The system is out of physical RAM or swap space
#   In 32 bit mode, the process size limit was hit
# Possible solutions:
#   Reduce memory load on the system
#   Increase physical memory or swap space
#   Check if swap backing store is full
#   Use 64 bit Java on a 64 bit OS
#   Decrease Java heap size (-Xmx/-Xms)
#   Decrease number of Java threads
#   Decrease Java thread stack sizes (-Xss)
#   Set larger code cache with -XX:ReservedCodeCacheSize=
# This output file may be truncated or incomplete.
#
#  Out of Memory Error (allocation.cpp:323), pid=6968, tid=8612
#
# JRE version: Java(TM) SE Runtime Environment (7.0_79-b15) (build 1.7.0_79-b15)
# Java VM: Java HotSpot(TM) 64-Bit Server VM (24.79-b02 mixed mode windows-amd64 compressed oops)
# Failed to write core dump. Minidumps are not enabled by default on client versions of Windows
#

---------------  T H R E A D  ---------------

Current thread (0x0000000008486800):  JavaThread "C2 CompilerThread0" daemon [_thread_in_native, id=8612, stack(0x00000000099d0000,0x0000000009ad0000)]

Stack: [0x00000000099d0000,0x0000000009ad0000]

Current CompileTask:
C2:   3143  322             com.android.dx.ssa.SCCP::run (298 bytes)


---------------  P R O C E S S  ---------------

Java Threads: ( => current thread )
  0x0000000009f00000 JavaThread "pool-2-thread-4" [_thread_in_Java, id=7836, stack(0x000000000a5d0000,0x000000000a6d0000)]
  0x0000000009ee2800 JavaThread "pool-2-thread-3" [_thread_blocked, id=6336, stack(0x000000000a4d0000,0x000000000a5d0000)]
  0x0000000009eda000 JavaThread "pool-2-thread-2" [_thread_blocked, id=7600, stack(0x000000000a3d0000,0x000000000a4d0000)]
  0x0000000009ec9800 JavaThread "pool-3-thread-1" [_thread_blocked, id=3996, stack(0x000000000a2d0000,0x000000000a3d0000)]
  0x0000000009e4a800 JavaThread "pool-2-thread-1" [_thread_in_Java, id=6128, stack(0x000000000a1d0000,0x000000000a2d0000)]
  0x000000000848b000 JavaThread "Service Thread" daemon [_thread_blocked, id=4412, stack(0x0000000009bd0000,0x0000000009cd0000)]
  0x0000000008488800 JavaThread "C2 CompilerThread1" daemon [_thread_in_native, id=5460, stack(0x0000000009ad0000,0x0000000009bd0000)]
=>0x0000000008486800 JavaThread "C2 CompilerThread0" daemon [_thread_in_native, id=8612, stack(0x00000000099d0000,0x0000000009ad0000)]
  0x0000000008485800 JavaThread "Attach Listener" daemon [_thread_blocked, id=9684, stack(0x00000000098d0000,0x00000000099d0000)]
  0x0000000008483000 JavaThread "Signal Dispatcher" daemon [_thread_blocked, id=7456, stack(0x00000000097d0000,0x00000000098d0000)]
  0x0000000008429000 JavaThread "Finalizer" daemon [_thread_blocked, id=4708, stack(0x00000000096d0000,0x00000000097d0000)]
  0x0000000008424800 JavaThread "Reference Handler" daemon [_thread_blocked, id=8920, stack(0x00000000095d0000,0x00000000096d0000)]
  0x00000000024cd800 JavaThread "main" [_thread_in_native, id=6216, stack(0x0000000002340000,0x0000000002440000)]

Other Threads:
  0x0000000008420800 VMThread [stack: 0x00000000094d0000,0x00000000095d0000] [id=864]
  0x00000000084a1800 WatcherThread [stack: 0x0000000009cd0000,0x0000000009dd0000] [id=9008]

VM state:not at safepoint (normal execution)

VM Mutex/Monitor currently owned by a thread: None

Heap
 PSYoungGen      total 37376K, used 24890K [0x00000000eaa80000, 0x00000000ef380000, 0x0000000100000000)
  eden space 32256K, 61% used [0x00000000eaa80000,0x00000000ebdd2570,0x00000000eca00000)
  from space 5120K, 99% used [0x00000000eca00000,0x00000000ecefc4a0,0x00000000ecf00000)
  to   space 5120K, 0% used [0x00000000eee80000,0x00000000eee80000,0x00000000ef380000)
 ParOldGen       total 83968K, used 1425K [0x00000000c0000000, 0x00000000c5200000, 0x00000000eaa80000)
  object space 83968K, 1% used [0x00000000c0000000,0x00000000c0164590,0x00000000c5200000)
 PSPermGen       total 21504K, used 5511K [0x00000000bae00000, 0x00000000bc300000, 0x00000000c0000000)
  object space 21504K, 25% used [0x00000000bae00000,0x00000000bb361cf0,0x00000000bc300000)

Card table byte_map: [0x0000000005690000,0x00000000058c0000] byte_map_base: 0x00000000050b9000

Polling page: 0x0000000000440000

Code Cache  [0x00000000025d0000, 0x0000000002840000, 0x00000000055d0000)
 total_blobs=551 nmethods=335 adapters=168 free_code_cache=47555Kb largest_free_block=48660864

Compilation events (10 events):
Event: 3.043 Thread 0x0000000008488800 nmethod 332 0x0000000002722510 code [0x0000000002722660, 0x0000000002722718]
Event: 3.043 Thread 0x0000000008488800  333             com.android.dx.cf.code.BasicBlocker::addWorkIfNecessary (32 bytes)
Event: 3.045 Thread 0x0000000008488800 nmethod 333 0x000000000274f850 code [0x000000000274f9a0, 0x000000000274fad8]
Event: 3.045 Thread 0x0000000008488800  334             com.android.dx.cf.code.RopperMachine::jopToRopOpcode (1103 bytes)
Event: 3.061 Thread 0x0000000008488800 nmethod 334 0x0000000002744d10 code [0x0000000002745680, 0x0000000002745f58]
Event: 3.061 Thread 0x0000000008488800  335             java.util.TreeMap::put (247 bytes)
Event: 3.084 Thread 0x0000000008488800 nmethod 335 0x00000000027304d0 code [0x00000000027306a0, 0x0000000002731100]
Event: 3.084 Thread 0x0000000008488800  336             com.android.dx.ssa.SsaMethod::getExitBlockIndex (5 bytes)
Event: 3.085 Thread 0x0000000008488800 nmethod 336 0x0000000002749750 code [0x0000000002749880, 0x00000000027498d8]
Event: 3.085 Thread 0x0000000008488800  337             com.android.dx.ssa.DeadCodeRemover::isCircularNoSideEffect (140 bytes)

GC Heap History (2 events):
Event: 1.615 GC heap before
{Heap before GC invocations=1 (full 0):
 PSYoungGen      total 37376K, used 32256K [0x00000000eaa80000, 0x00000000ed400000, 0x0000000100000000)
  eden space 32256K, 100% used [0x00000000eaa80000,0x00000000eca00000,0x00000000eca00000)
  from space 5120K, 0% used [0x00000000ecf00000,0x00000000ecf00000,0x00000000ed400000)
  to   space 5120K, 0% used [0x00000000eca00000,0x00000000eca00000,0x00000000ecf00000)
 ParOldGen       total 83968K, used 0K [0x00000000c0000000, 0x00000000c5200000, 0x00000000eaa80000)
  object space 83968K, 0% used [0x00000000c0000000,0x00000000c0000000,0x00000000c5200000)
 PSPermGen       total 21504K, used 5476K [0x00000000bae00000, 0x00000000bc300000, 0x00000000c0000000)
  object space 21504K, 25% used [0x00000000bae00000,0x00000000bb3592c8,0x00000000bc300000)
Event: 1.720 GC heap after
Heap after GC invocations=1 (full 0):
 PSYoungGen      total 37376K, used 5105K [0x00000000eaa80000, 0x00000000ef380000, 0x0000000100000000)
  eden space 32256K, 0% used [0x00000000eaa80000,0x00000000eaa80000,0x00000000eca00000)
  from space 5120K, 99% used [0x00000000eca00000,0x00000000ecefc4a0,0x00000000ecf00000)
  to   space 5120K, 0% used [0x00000000eee80000,0x00000000eee80000,0x00000000ef380000)
 ParOldGen       total 83968K, used 1425K [0x00000000c0000000, 0x00000000c5200000, 0x00000000eaa80000)
  object space 83968K, 1% used [0x00000000c0000000,0x00000000c0164590,0x00000000c5200000)
 PSPermGen       total 21504K, used 5476K [0x00000000bae00000, 0x00000000bc300000, 0x00000000c0000000)
  object space 21504K, 25% used [0x00000000bae00000,0x00000000bb3592c8,0x00000000bc300000)
}

Deoptimization events (10 events):
Event: 2.644 Thread 0x0000000009e4a800 Uncommon trap: reason=bimorphic action=maybe_recompile pc=0x0000000002713d38 method=com.android.dx.ssa.SCCP.setLatticeValueTo(IILcom/android/dx/rop/cst/Constant;)Z @ 43
Event: 2.644 Thread 0x0000000009e4a800 Uncommon trap: reason=bimorphic action=maybe_recompile pc=0x0000000002713d38 method=com.android.dx.ssa.SCCP.setLatticeValueTo(IILcom/android/dx/rop/cst/Constant;)Z @ 43
Event: 2.657 Thread 0x0000000009e4a800 Uncommon trap: reason=bimorphic action=maybe_recompile pc=0x0000000002713d38 method=com.android.dx.ssa.SCCP.setLatticeValueTo(IILcom/android/dx/rop/cst/Constant;)Z @ 43
Event: 2.681 Thread 0x0000000009ee2800 Uncommon trap: reason=bimorphic action=maybe_recompile pc=0x00000000027350a4 method=com.android.dx.cf.code.BytecodeArray.parseInstruction(ILcom/android/dx/cf/code/BytecodeArray$Visitor;)I @ 2281
Event: 2.681 Thread 0x0000000009ee2800 Uncommon trap: reason=bimorphic action=maybe_recompile pc=0x00000000027350a4 method=com.android.dx.cf.code.BytecodeArray.parseInstruction(ILcom/android/dx/cf/code/BytecodeArray$Visitor;)I @ 2281
Event: 2.682 Thread 0x0000000009ee2800 Uncommon trap: reason=unreached action=reinterpret pc=0x00000000026dc5c0 method=com.android.dx.cf.code.Ropper.addExceptionSetupBlocks()V @ 21
Event: 2.970 Thread 0x0000000009e4a800 Uncommon trap: reason=class_check action=maybe_recompile pc=0x0000000002683d2c method=java.util.HashMap.put(Ljava/lang/Object;Ljava/lang/Object;)Ljava/lang/Object; @ 83
Event: 2.970 Thread 0x0000000009e4a800 Uncommon trap: reason=class_check action=maybe_recompile pc=0x0000000002683d2c method=java.util.HashMap.put(Ljava/lang/Object;Ljava/lang/Object;)Ljava/lang/Object; @ 83
Event: 2.970 Thread 0x0000000009e4a800 Uncommon trap: reason=class_check action=maybe_recompile pc=0x0000000002683d2c method=java.util.HashMap.put(Ljava/lang/Object;Ljava/lang/Object;)Ljava/lang/Object; @ 83
Event: 3.135 Thread 0x0000000009f00000 Uncommon trap: reason=bimorphic action=maybe_recompile pc=0x0000000002742210 method=com.android.dx.ssa.LiteralOpUpgrader.tryReplacingWithConstant(Lcom/android/dx/ssa/NormalSsaInsn;)Z @ 52

Internal exceptions (10 events):
Event: 0.978 Thread 0x0000000009ee2800 Threw 0x00000000eb8b25e0 at C:\re\jdk7u79\2331\hotspot\src\share\vm\prims\jvm.cpp:1304
Event: 0.982 Thread 0x0000000009f00000 Implicit null exception at 0x000000000264df13 to 0x000000000264eac5
Event: 1.354 Thread 0x00000000024cd800 Threw 0x00000000ebe02870 at C:\re\jdk7u79\2331\hotspot\src\share\vm\prims\jvm.cpp:1304
Event: 1.355 Thread 0x00000000024cd800 Threw 0x00000000ebe046d0 at C:\re\jdk7u79\2331\hotspot\src\share\vm\prims\jvm.cpp:1304
Event: 1.356 Thread 0x00000000024cd800 Threw 0x00000000ec45ce00 at C:\re\jdk7u79\2331\hotspot\src\share\vm\prims\jvm.cpp:1304
Event: 1.357 Thread 0x00000000024cd800 Threw 0x00000000ec45ef28 at C:\re\jdk7u79\2331\hotspot\src\share\vm\prims\jvm.cpp:1304
Event: 1.358 Thread 0x00000000024cd800 Threw 0x00000000ec46dd18 at C:\re\jdk7u79\2331\hotspot\src\share\vm\prims\jvm.cpp:1304
Event: 1.361 Thread 0x00000000024cd800 Threw 0x00000000ec486f90 at C:\re\jdk7u79\2331\hotspot\src\share\vm\prims\jvm.cpp:1304
Event: 1.364 Thread 0x0000000009e4a800 Threw 0x00000000ec2a2438 at C:\re\jdk7u79\2331\hotspot\src\share\vm\prims\jvm.cpp:1304
Event: 1.539 Thread 0x00000000024cd800 Threw 0x00000000ec4b1330 at C:\re\jdk7u79\2331\hotspot\src\share\vm\prims\jvm.cpp:1304

Events (10 events):
Event: 2.970 Thread 0x0000000009e4a800 DEOPT UNPACKING pc=0x00000000026075a4 sp=0x000000000a2ce828 mode 2
Event: 2.970 Thread 0x0000000009e4a800 Uncommon trap: trap_request=0xffffffde fr.pc=0x0000000002683d2c
Event: 2.970 Thread 0x0000000009e4a800 DEOPT PACKING pc=0x0000000002683d2c sp=0x000000000a2ce880
Event: 2.970 Thread 0x0000000009e4a800 DEOPT UNPACKING pc=0x00000000026075a4 sp=0x000000000a2ce828 mode 2
Event: 2.970 Thread 0x0000000009e4a800 Uncommon trap: trap_request=0xffffffde fr.pc=0x0000000002683d2c
Event: 2.970 Thread 0x0000000009e4a800 DEOPT PACKING pc=0x0000000002683d2c sp=0x000000000a2ce880
Event: 2.970 Thread 0x0000000009e4a800 DEOPT UNPACKING pc=0x00000000026075a4 sp=0x000000000a2ce828 mode 2
Event: 3.135 Thread 0x0000000009f00000 Uncommon trap: trap_request=0xffffffc6 fr.pc=0x0000000002742210
Event: 3.135 Thread 0x0000000009f00000 DEOPT PACKING pc=0x0000000002742210 sp=0x000000000a6ce9a0
Event: 3.135 Thread 0x0000000009f00000 DEOPT UNPACKING pc=0x00000000026075a4 sp=0x000000000a6ce848 mode 2


Dynamic libraries:
0x00007ff6565b0000 - 0x00007ff6565e3000 	C:\Program Files\Java\jdk1.7.0_79\bin\java.exe
0x00007ffa1a1a0000 - 0x00007ffa1a361000 	C:\WINDOWS\SYSTEM32\ntdll.dll
0x00007ffa17e80000 - 0x00007ffa17f2d000 	C:\WINDOWS\system32\KERNEL32.DLL
0x00007ffa16bf0000 - 0x00007ffa16dd8000 	C:\WINDOWS\system32\KERNELBASE.dll
0x00007ffa175c0000 - 0x00007ffa17667000 	C:\WINDOWS\system32\ADVAPI32.dll
0x00007ffa18810000 - 0x00007ffa188ad000 	C:\WINDOWS\system32\msvcrt.dll
0x00007ffa18360000 - 0x00007ffa183bb000 	C:\WINDOWS\system32\sechost.dll
0x00007ffa18240000 - 0x00007ffa1835c000 	C:\WINDOWS\system32\RPCRT4.dll
0x00007ffa17d20000 - 0x00007ffa17e76000 	C:\WINDOWS\system32\USER32.dll
0x00007ffa18580000 - 0x00007ffa18706000 	C:\WINDOWS\system32\GDI32.dll
0x00007ffa11380000 - 0x00007ffa115f4000 	C:\WINDOWS\WinSxS\amd64_microsoft.windows.common-controls_6595b64144ccf1df_6.0.10586.0_none_8c15ae12515e1c22\COMCTL32.dll
0x00007ffa188b0000 - 0x00007ffa18b2d000 	C:\WINDOWS\system32\combase.dll
0x00007ffa16e00000 - 0x00007ffa16e6a000 	C:\WINDOWS\system32\bcryptPrimitives.dll
0x00007ffa187d0000 - 0x00007ffa1880b000 	C:\WINDOWS\system32\IMM32.DLL
0x0000000054a60000 - 0x0000000054b32000 	C:\Program Files\Java\jdk1.7.0_79\jre\bin\msvcr100.dll
0x0000000054fd0000 - 0x00000000557a5000 	C:\Program Files\Java\jdk1.7.0_79\jre\bin\server\jvm.dll
0x00007ffa17d10000 - 0x00007ffa17d18000 	C:\WINDOWS\system32\PSAPI.DLL
0x00007ffa05e20000 - 0x00007ffa05e29000 	C:\WINDOWS\SYSTEM32\WSOCK32.dll
0x00007ffa17f30000 - 0x00007ffa17f9b000 	C:\WINDOWS\system32\WS2_32.dll
0x00007ffa149e0000 - 0x00007ffa14a03000 	C:\WINDOWS\SYSTEM32\WINMM.dll
0x00007ffa147d0000 - 0x00007ffa147fc000 	C:\WINDOWS\SYSTEM32\WINMMBASE.dll
0x00007ffa174c0000 - 0x00007ffa17503000 	C:\WINDOWS\system32\cfgmgr32.dll
0x0000000054ee0000 - 0x0000000054eef000 	C:\Program Files\Java\jdk1.7.0_79\jre\bin\verify.dll
0x0000000054eb0000 - 0x0000000054ed8000 	C:\Program Files\Java\jdk1.7.0_79\jre\bin\java.dll
0x0000000054e90000 - 0x0000000054ea5000 	C:\Program Files\Java\jdk1.7.0_79\jre\bin\zip.dll

VM Arguments:
jvm_args: -Djava.awt.headless=true -Xmx1024M -Dfile.encoding=GBK -Duser.country=CN -Duser.language=zh -Duser.variant 
java_command: com.android.dx.command.Main --dex --force-jumbo --num-threads=4 --multi-dex --output C:\Users\Reiky\Desktop\Android_ING\OnceFm\app\build\intermediates\transforms\dex\debug\folders\1000\5\slice_7 C:\Users\Reiky\Desktop\Android_ING\OnceFm\app\build\intermediates\transforms\instantRunSlicer\debug\folders\1\5\slice_7
Launcher Type: SUN_STANDARD

Environment Variables:
PATH=C:\Program Files (x86)\Intel\iCLS Client\;C:\Program Files\Intel\iCLS Client\;C:\WINDOWS\system32;C:\WINDOWS;C:\WINDOWS\System32\Wbem;C:\WINDOWS\System32\WindowsPowerShell\v1.0\;C:\Program Files\Condusiv Technologies\ExpressCache\;C:\Program Files\Java\jdk1.7.0_79\bin;C:\Users\Reiky\AppData\Local\GitHub\PortableGit_c7e0cbde92ba565cb218a521411d0e854079a28c\bin;C:\Program Files (x86)\Intel\Intel(R) Management Engine Components\DAL;C:\Program Files\Intel\Intel(R) Management Engine Components\DAL;C:\Program Files (x86)\Intel\Intel(R) Management Engine Components\IPT;C:\Program Files\Intel\Intel(R) Management Engine Components\IPT;C:\Python34;C:\Program Files\Intel\WiFi\bin\;C:\Program Files\Common Files\Intel\WirelessCommon\;C:\Program Files\Android\Android Studio\gradle\gradle-2.10\bin;C:\Program Files (x86)\Common Files\Acronis\SnapAPI\;C:\Python35\Scripts\;C:\Python35\;C:\WINDOWS\system32;C:\WINDOWS;C:\WINDOWS\System32\Wbem;C:\WINDOWS\System32\WindowsPowerShell\v1.0\;C:\Program Files\Condusiv Technologies\ExpressCache\;C:\Program Files\Java\jdk1.7.0_79\bin;C:\Program Files\TortoiseGit\bin;C:\Program Files\Intel\WiFi\bin\;C:\Program Files\Common Files\Intel\WirelessCommon\
USERNAME=Reiky
OS=Windows_NT
PROCESSOR_IDENTIFIER=Intel64 Family 6 Model 69 Stepping 1, GenuineIntel



---------------  S Y S T E M  ---------------

OS: Windows 8.1 , 64 bit Build 9600 

CPU:total 4 (2 cores per cpu, 2 threads per core) family 6 model 69 stepping 1, cmov, cx8, fxsr, mmx, sse, sse2, sse3, ssse3, sse4.1, sse4.2, popcnt, avx, avx2, erms, ht, tsc, tscinvbit

Memory: 4k page, physical 8085148k(1225368k free), swap 8085148k(5828k free)

vm_info: Java HotSpot(TM) 64-Bit Server VM (24.79-b02) for windows-amd64 JRE (1.7.0_79-b15), built on Apr 10 2015 12:36:16 by "java_re" with unknown MS VC++:1600

time: Sat May 21 23:34:51 2016
elapsed time: 3 seconds

