#
# There is insufficient memory for the Java Runtime Environment to continue.
# Native memory allocation (malloc) failed to allocate 1048576 bytes for AllocateHeap
# Possible reasons:
#   The system is out of physical RAM or swap space
#   In 32 bit mode, the process size limit was hit
# Possible solutions:
#   Reduce memory load on the system
#   Increase physical memory or swap space
#   Check if swap backing store is full
#   Use 64 bit Java on a 64 bit OS
#   Decrease Java heap size (-Xmx/-Xms)
#   Decrease number of Java threads
#   Decrease Java thread stack sizes (-Xss)
#   Set larger code cache with -XX:ReservedCodeCacheSize=
# This output file may be truncated or incomplete.
#
#  Out of Memory Error (memory/allocation.inline.hpp:61), pid=4956, tid=1784
#
# JRE version:  (7.0_79-b15) (build )
# Java VM: Java HotSpot(TM) 64-Bit Server VM (24.79-b02 mixed mode windows-amd64 compressed oops)
# Failed to write core dump. Minidumps are not enabled by default on client versions of Windows
#

---------------  T H R E A D  ---------------

Current thread (0x0000000002562800):  JavaThread "Unknown thread" [_thread_in_vm, id=1784, stack(0x0000000002460000,0x0000000002560000)]

Stack: [0x0000000002460000,0x0000000002560000]

---------------  P R O C E S S  ---------------

Java Threads: ( => current thread )

Other Threads:

=>0x0000000002562800 (exited) JavaThread "Unknown thread" [_thread_in_vm, id=1784, stack(0x0000000002460000,0x0000000002560000)]

VM state:not at safepoint (normal execution)

VM Mutex/Monitor currently owned by a thread: None

Heap
 PSYoungGen      total 37376K, used 645K [0x00000000eaa80000, 0x00000000ed400000, 0x0000000100000000)
  eden space 32256K, 2% used [0x00000000eaa80000,0x00000000eab214d0,0x00000000eca00000)
  from space 5120K, 0% used [0x00000000ecf00000,0x00000000ecf00000,0x00000000ed400000)
  to   space 5120K, 0% used [0x00000000eca00000,0x00000000eca00000,0x00000000ecf00000)
 ParOldGen       total 83968K, used 0K [0x00000000c0000000, 0x00000000c5200000, 0x00000000eaa80000)
  object space 83968K, 0% used [0x00000000c0000000,0x00000000c0000000,0x00000000c5200000)
 PSPermGen       total 21504K, used 697K [0x00000000bae00000, 0x00000000bc300000, 0x00000000c0000000)
  object space 21504K, 3% used [0x00000000bae00000,0x00000000baeae588,0x00000000bc300000)

Card table byte_map: [0x0000000005660000,0x0000000005890000] byte_map_base: 0x0000000005089000

Polling page: 0x00000000001f0000

Code Cache  [0x0000000002660000, 0x00000000028d0000, 0x0000000005660000)
 total_blobs=38 nmethods=0 adapters=20 free_code_cache=48889Kb largest_free_block=50062528

Compilation events (0 events):
No events

GC Heap History (0 events):
No events

Deoptimization events (0 events):
No events

Internal exceptions (0 events):
No events

Events (10 events):
Event: 0.024 loading class 0x00000000025a6b30
Event: 0.024 loading class 0x00000000025a6b30 done
Event: 0.024 loading class 0x00000000025a6b80
Event: 0.024 loading class 0x00000000025a6b80 done
Event: 0.024 loading class 0x00000000025a6bd0
Event: 0.024 loading class 0x00000000025a6bd0 done
Event: 0.025 loading class 0x00000000025a7950
Event: 0.025 loading class 0x00000000025a7950 done
Event: 0.025 loading class 0x00000000025a7570
Event: 0.025 loading class 0x00000000025a7570 done


Dynamic libraries:
0x00007ff6565b0000 - 0x00007ff6565e3000 	C:\Program Files\Java\jdk1.7.0_79\bin\java.exe
0x00007ffa1a1a0000 - 0x00007ffa1a361000 	C:\WINDOWS\SYSTEM32\ntdll.dll
0x00007ffa17e80000 - 0x00007ffa17f2d000 	C:\WINDOWS\system32\KERNEL32.DLL
0x00007ffa16bf0000 - 0x00007ffa16dd8000 	C:\WINDOWS\system32\KERNELBASE.dll
0x00007ffa175c0000 - 0x00007ffa17667000 	C:\WINDOWS\system32\ADVAPI32.dll
0x00007ffa18810000 - 0x00007ffa188ad000 	C:\WINDOWS\system32\msvcrt.dll
0x00007ffa18360000 - 0x00007ffa183bb000 	C:\WINDOWS\system32\sechost.dll
0x00007ffa18240000 - 0x00007ffa1835c000 	C:\WINDOWS\system32\RPCRT4.dll
0x00007ffa17d20000 - 0x00007ffa17e76000 	C:\WINDOWS\system32\USER32.dll
0x00007ffa18580000 - 0x00007ffa18706000 	C:\WINDOWS\system32\GDI32.dll
0x00007ffa11380000 - 0x00007ffa115f4000 	C:\WINDOWS\WinSxS\amd64_microsoft.windows.common-controls_6595b64144ccf1df_6.0.10586.0_none_8c15ae12515e1c22\COMCTL32.dll
0x00007ffa188b0000 - 0x00007ffa18b2d000 	C:\WINDOWS\system32\combase.dll
0x00007ffa16e00000 - 0x00007ffa16e6a000 	C:\WINDOWS\system32\bcryptPrimitives.dll
0x00007ffa187d0000 - 0x00007ffa1880b000 	C:\WINDOWS\system32\IMM32.DLL
0x0000000054a60000 - 0x0000000054b32000 	C:\Program Files\Java\jdk1.7.0_79\jre\bin\msvcr100.dll
0x0000000054fd0000 - 0x00000000557a5000 	C:\Program Files\Java\jdk1.7.0_79\jre\bin\server\jvm.dll
0x00007ffa17d10000 - 0x00007ffa17d18000 	C:\WINDOWS\system32\PSAPI.DLL
0x00007ffa05e20000 - 0x00007ffa05e29000 	C:\WINDOWS\SYSTEM32\WSOCK32.dll
0x00007ffa17f30000 - 0x00007ffa17f9b000 	C:\WINDOWS\system32\WS2_32.dll
0x00007ffa149e0000 - 0x00007ffa14a03000 	C:\WINDOWS\SYSTEM32\WINMM.dll
0x00007ffa147d0000 - 0x00007ffa147fc000 	C:\WINDOWS\SYSTEM32\WINMMBASE.dll
0x00007ffa174c0000 - 0x00007ffa17503000 	C:\WINDOWS\system32\cfgmgr32.dll
0x0000000054ee0000 - 0x0000000054eef000 	C:\Program Files\Java\jdk1.7.0_79\jre\bin\verify.dll
0x0000000054eb0000 - 0x0000000054ed8000 	C:\Program Files\Java\jdk1.7.0_79\jre\bin\java.dll
0x0000000054e90000 - 0x0000000054ea5000 	C:\Program Files\Java\jdk1.7.0_79\jre\bin\zip.dll

VM Arguments:
jvm_args: -Djava.awt.headless=true -Xmx1024M -Dfile.encoding=GBK -Duser.country=CN -Duser.language=zh -Duser.variant 
java_command: com.android.dx.command.Main --dex --force-jumbo --num-threads=4 --multi-dex --output C:\Users\Reiky\Desktop\Android_ING\OnceFm\app\build\intermediates\transforms\dex\debug\folders\1000\2\fastjson_797ee3f549acd141321f941eb3808e5e2f2c1f2a C:\Users\Reiky\Desktop\Android_ING\OnceFm\app\libs\fastjson.jar
Launcher Type: SUN_STANDARD

Environment Variables:
PATH=C:\Program Files (x86)\Intel\iCLS Client\;C:\Program Files\Intel\iCLS Client\;C:\WINDOWS\system32;C:\WINDOWS;C:\WINDOWS\System32\Wbem;C:\WINDOWS\System32\WindowsPowerShell\v1.0\;C:\Program Files\Condusiv Technologies\ExpressCache\;C:\Program Files\Java\jdk1.7.0_79\bin;C:\Users\Reiky\AppData\Local\GitHub\PortableGit_c7e0cbde92ba565cb218a521411d0e854079a28c\bin;C:\Program Files (x86)\Intel\Intel(R) Management Engine Components\DAL;C:\Program Files\Intel\Intel(R) Management Engine Components\DAL;C:\Program Files (x86)\Intel\Intel(R) Management Engine Components\IPT;C:\Program Files\Intel\Intel(R) Management Engine Components\IPT;C:\Python34;C:\Program Files\Intel\WiFi\bin\;C:\Program Files\Common Files\Intel\WirelessCommon\;C:\Program Files\Android\Android Studio\gradle\gradle-2.10\bin;C:\Program Files (x86)\Common Files\Acronis\SnapAPI\;C:\Python35\Scripts\;C:\Python35\;C:\WINDOWS\system32;C:\WINDOWS;C:\WINDOWS\System32\Wbem;C:\WINDOWS\System32\WindowsPowerShell\v1.0\;C:\Program Files\Condusiv Technologies\ExpressCache\;C:\Program Files\Java\jdk1.7.0_79\bin;C:\Program Files\TortoiseGit\bin;C:\Program Files\Intel\WiFi\bin\;C:\Program Files\Common Files\Intel\WirelessCommon\
USERNAME=Reiky
OS=Windows_NT
PROCESSOR_IDENTIFIER=Intel64 Family 6 Model 69 Stepping 1, GenuineIntel



---------------  S Y S T E M  ---------------

OS: Windows 8.1 , 64 bit Build 9600 

CPU:total 4 (2 cores per cpu, 2 threads per core) family 6 model 69 stepping 1, cmov, cx8, fxsr, mmx, sse, sse2, sse3, ssse3, sse4.1, sse4.2, popcnt, avx, avx2, erms, ht, tsc, tscinvbit

Memory: 4k page, physical 8085148k(1243568k free), swap 8085148k(5952k free)

vm_info: Java HotSpot(TM) 64-Bit Server VM (24.79-b02) for windows-amd64 JRE (1.7.0_79-b15), built on Apr 10 2015 12:36:16 by "java_re" with unknown MS VC++:1600

time: Sun May 22 00:10:38 2016
elapsed time: 0 seconds

