#
# There is insufficient memory for the Java Runtime Environment to continue.
# Native memory allocation (malloc) failed to allocate 403536 bytes for Chunk::new
# Possible reasons:
#   The system is out of physical RAM or swap space
#   In 32 bit mode, the process size limit was hit
# Possible solutions:
#   Reduce memory load on the system
#   Increase physical memory or swap space
#   Check if swap backing store is full
#   Use 64 bit Java on a 64 bit OS
#   Decrease Java heap size (-Xmx/-Xms)
#   Decrease number of Java threads
#   Decrease Java thread stack sizes (-Xss)
#   Set larger code cache with -XX:ReservedCodeCacheSize=
# This output file may be truncated or incomplete.
#
#  Out of Memory Error (allocation.cpp:323), pid=6020, tid=5928
#
# JRE version: Java(TM) SE Runtime Environment (7.0_79-b15) (build 1.7.0_79-b15)
# Java VM: Java HotSpot(TM) 64-Bit Server VM (24.79-b02 mixed mode windows-amd64 compressed oops)
# Failed to write core dump. Minidumps are not enabled by default on client versions of Windows
#

---------------  T H R E A D  ---------------

Current thread (0x000000000844f000):  JavaThread "C2 CompilerThread0" daemon [_thread_in_native, id=5928, stack(0x00000000099a0000,0x0000000009aa0000)]

Stack: [0x00000000099a0000,0x0000000009aa0000]

Current CompileTask:
C2:   7631  601             com.android.dx.dex.file.DebugInfoEncoder::emitHeader (530 bytes)


---------------  P R O C E S S  ---------------

Java Threads: ( => current thread )
  0x000000000a781000 JavaThread "pool-1-thread-1" [_thread_in_Java, id=2768, stack(0x000000000be70000,0x000000000bf70000)]
  0x0000000008465800 JavaThread "Service Thread" daemon [_thread_blocked, id=8036, stack(0x0000000009ba0000,0x0000000009ca0000)]
  0x0000000008451000 JavaThread "C2 CompilerThread1" daemon [_thread_blocked, id=7260, stack(0x0000000009aa0000,0x0000000009ba0000)]
=>0x000000000844f000 JavaThread "C2 CompilerThread0" daemon [_thread_in_native, id=5928, stack(0x00000000099a0000,0x0000000009aa0000)]
  0x000000000844e000 JavaThread "Attach Listener" daemon [_thread_blocked, id=7852, stack(0x00000000098a0000,0x00000000099a0000)]
  0x000000000844b800 JavaThread "Signal Dispatcher" daemon [_thread_blocked, id=2008, stack(0x00000000097a0000,0x00000000098a0000)]
  0x00000000083f9000 JavaThread "Finalizer" daemon [_thread_blocked, id=8176, stack(0x00000000096a0000,0x00000000097a0000)]
  0x00000000083f5800 JavaThread "Reference Handler" daemon [_thread_blocked, id=7992, stack(0x00000000095a0000,0x00000000096a0000)]
  0x000000000255d800 JavaThread "main" [_thread_blocked, id=9808, stack(0x0000000002370000,0x0000000002470000)]

Other Threads:
  0x00000000083f0800 VMThread [stack: 0x00000000094a0000,0x00000000095a0000] [id=4060]
  0x000000000846f000 WatcherThread [stack: 0x0000000009ca0000,0x0000000009da0000] [id=4516]

VM state:not at safepoint (normal execution)

VM Mutex/Monitor currently owned by a thread: None

Heap
 PSYoungGen      total 69632K, used 25332K [0x00000000eaa80000, 0x00000000ef380000, 0x0000000100000000)
  eden space 64512K, 31% used [0x00000000eaa80000,0x00000000ebe3faf8,0x00000000ee980000)
  from space 5120K, 99% used [0x00000000eee80000,0x00000000ef37d600,0x00000000ef380000)
  to   space 5120K, 0% used [0x00000000ee980000,0x00000000ee980000,0x00000000eee80000)
 ParOldGen       total 83968K, used 15460K [0x00000000c0000000, 0x00000000c5200000, 0x00000000eaa80000)
  object space 83968K, 18% used [0x00000000c0000000,0x00000000c0f19308,0x00000000c5200000)
 PSPermGen       total 21504K, used 6232K [0x00000000bae00000, 0x00000000bc300000, 0x00000000c0000000)
  object space 21504K, 28% used [0x00000000bae00000,0x00000000bb416078,0x00000000bc300000)

Card table byte_map: [0x0000000005660000,0x0000000005890000] byte_map_base: 0x0000000005089000

Polling page: 0x00000000001f0000

Code Cache  [0x0000000002660000, 0x00000000028d0000, 0x0000000005660000)
 total_blobs=832 nmethods=592 adapters=192 free_code_cache=47017Kb largest_free_block=48103296

Compilation events (10 events):
Event: 7.436 Thread 0x0000000008451000 nmethod 597 0x0000000002877890 code [0x00000000028779c0, 0x0000000002877a18]
Event: 7.579 Thread 0x000000000844f000  598             com.android.dex.Leb128::writeUnsignedLeb128 (46 bytes)
Event: 7.582 Thread 0x0000000008451000  599             java.util.ArrayList::<init> (44 bytes)
Event: 7.584 Thread 0x0000000008451000 nmethod 599 0x0000000002877550 code [0x00000000028776a0, 0x00000000028777d8]
Event: 7.592 Thread 0x0000000008451000  600             com.android.dx.dex.file.DebugInfoEncoder::emitLocalsAtAddress (150 bytes)
Event: 7.593 Thread 0x000000000844f000 nmethod 598 0x0000000002878ed0 code [0x0000000002879060, 0x0000000002879778]
Event: 7.597 Thread 0x000000000844f000  601             com.android.dx.dex.file.DebugInfoEncoder::emitHeader (530 bytes)
Event: 7.617 Thread 0x0000000008451000 nmethod 600 0x000000000287de90 code [0x000000000287e140, 0x000000000287ee40]
Event: 7.617 Thread 0x0000000008451000  602             com.android.dx.util.ByteArrayAnnotatedOutput::writeUleb128 (34 bytes)
Event: 7.620 Thread 0x0000000008451000 nmethod 602 0x000000000287bfd0 code [0x000000000287c120, 0x000000000287c3a8]

GC Heap History (8 events):
Event: 2.139 GC heap before
{Heap before GC invocations=1 (full 0):
 PSYoungGen      total 37376K, used 32256K [0x00000000eaa80000, 0x00000000ed400000, 0x0000000100000000)
  eden space 32256K, 100% used [0x00000000eaa80000,0x00000000eca00000,0x00000000eca00000)
  from space 5120K, 0% used [0x00000000ecf00000,0x00000000ecf00000,0x00000000ed400000)
  to   space 5120K, 0% used [0x00000000eca00000,0x00000000eca00000,0x00000000ecf00000)
 ParOldGen       total 83968K, used 0K [0x00000000c0000000, 0x00000000c5200000, 0x00000000eaa80000)
  object space 83968K, 0% used [0x00000000c0000000,0x00000000c0000000,0x00000000c5200000)
 PSPermGen       total 21504K, used 5848K [0x00000000bae00000, 0x00000000bc300000, 0x00000000c0000000)
  object space 21504K, 27% used [0x00000000bae00000,0x00000000bb3b60c8,0x00000000bc300000)
Event: 2.151 GC heap after
Heap after GC invocations=1 (full 0):
 PSYoungGen      total 37376K, used 5119K [0x00000000eaa80000, 0x00000000ed400000, 0x0000000100000000)
  eden space 32256K, 0% used [0x00000000eaa80000,0x00000000eaa80000,0x00000000eca00000)
  from space 5120K, 99% used [0x00000000eca00000,0x00000000eceffe18,0x00000000ecf00000)
  to   space 5120K, 0% used [0x00000000ecf00000,0x00000000ecf00000,0x00000000ed400000)
 ParOldGen       total 83968K, used 1705K [0x00000000c0000000, 0x00000000c5200000, 0x00000000eaa80000)
  object space 83968K, 2% used [0x00000000c0000000,0x00000000c01aa568,0x00000000c5200000)
 PSPermGen       total 21504K, used 5848K [0x00000000bae00000, 0x00000000bc300000, 0x00000000c0000000)
  object space 21504K, 27% used [0x00000000bae00000,0x00000000bb3b60c8,0x00000000bc300000)
}
Event: 3.958 GC heap before
{Heap before GC invocations=2 (full 0):
 PSYoungGen      total 37376K, used 37375K [0x00000000eaa80000, 0x00000000ed400000, 0x0000000100000000)
  eden space 32256K, 100% used [0x00000000eaa80000,0x00000000eca00000,0x00000000eca00000)
  from space 5120K, 99% used [0x00000000eca00000,0x00000000eceffe18,0x00000000ecf00000)
  to   space 5120K, 0% used [0x00000000ecf00000,0x00000000ecf00000,0x00000000ed400000)
 ParOldGen       total 83968K, used 1705K [0x00000000c0000000, 0x00000000c5200000, 0x00000000eaa80000)
  object space 83968K, 2% used [0x00000000c0000000,0x00000000c01aa568,0x00000000c5200000)
 PSPermGen       total 21504K, used 5939K [0x00000000bae00000, 0x00000000bc300000, 0x00000000c0000000)
  object space 21504K, 27% used [0x00000000bae00000,0x00000000bb3cced0,0x00000000bc300000)
Event: 4.066 GC heap after
Heap after GC invocations=2 (full 0):
 PSYoungGen      total 37376K, used 5115K [0x00000000eaa80000, 0x00000000ef380000, 0x0000000100000000)
  eden space 32256K, 0% used [0x00000000eaa80000,0x00000000eaa80000,0x00000000eca00000)
  from space 5120K, 99% used [0x00000000ecf00000,0x00000000ed3fef00,0x00000000ed400000)
  to   space 5120K, 0% used [0x00000000eca00000,0x00000000eca00000,0x00000000ecf00000)
 ParOldGen       total 83968K, used 6305K [0x00000000c0000000, 0x00000000c5200000, 0x00000000eaa80000)
  object space 83968K, 7% used [0x00000000c0000000,0x00000000c06287b0,0x00000000c5200000)
 PSPermGen       total 21504K, used 5939K [0x00000000bae00000, 0x00000000bc300000, 0x00000000c0000000)
  object space 21504K, 27% used [0x00000000bae00000,0x00000000bb3cced0,0x00000000bc300000)
}
Event: 4.780 GC heap before
{Heap before GC invocations=3 (full 0):
 PSYoungGen      total 37376K, used 37371K [0x00000000eaa80000, 0x00000000ef380000, 0x0000000100000000)
  eden space 32256K, 100% used [0x00000000eaa80000,0x00000000eca00000,0x00000000eca00000)
  from space 5120K, 99% used [0x00000000ecf00000,0x00000000ed3fef00,0x00000000ed400000)
  to   space 5120K, 0% used [0x00000000eca00000,0x00000000eca00000,0x00000000ecf00000)
 ParOldGen       total 83968K, used 6305K [0x00000000c0000000, 0x00000000c5200000, 0x00000000eaa80000)
  object space 83968K, 7% used [0x00000000c0000000,0x00000000c06287b0,0x00000000c5200000)
 PSPermGen       total 21504K, used 5956K [0x00000000bae00000, 0x00000000bc300000, 0x00000000c0000000)
  object space 21504K, 27% used [0x00000000bae00000,0x00000000bb3d1130,0x00000000bc300000)
Event: 4.865 GC heap after
Heap after GC invocations=3 (full 0):
 PSYoungGen      total 37376K, used 5099K [0x00000000eaa80000, 0x00000000ef380000, 0x0000000100000000)
  eden space 32256K, 0% used [0x00000000eaa80000,0x00000000eaa80000,0x00000000eca00000)
  from space 5120K, 99% used [0x00000000eca00000,0x00000000ecefaf10,0x00000000ecf00000)
  to   space 5120K, 0% used [0x00000000eee80000,0x00000000eee80000,0x00000000ef380000)
 ParOldGen       total 83968K, used 10564K [0x00000000c0000000, 0x00000000c5200000, 0x00000000eaa80000)
  object space 83968K, 12% used [0x00000000c0000000,0x00000000c0a511c8,0x00000000c5200000)
 PSPermGen       total 21504K, used 5956K [0x00000000bae00000, 0x00000000bc300000, 0x00000000c0000000)
  object space 21504K, 27% used [0x00000000bae00000,0x00000000bb3d1130,0x00000000bc300000)
}
Event: 5.176 GC heap before
{Heap before GC invocations=4 (full 0):
 PSYoungGen      total 37376K, used 37355K [0x00000000eaa80000, 0x00000000ef380000, 0x0000000100000000)
  eden space 32256K, 100% used [0x00000000eaa80000,0x00000000eca00000,0x00000000eca00000)
  from space 5120K, 99% used [0x00000000eca00000,0x00000000ecefaf10,0x00000000ecf00000)
  to   space 5120K, 0% used [0x00000000eee80000,0x00000000eee80000,0x00000000ef380000)
 ParOldGen       total 83968K, used 10564K [0x00000000c0000000, 0x00000000c5200000, 0x00000000eaa80000)
  object space 83968K, 12% used [0x00000000c0000000,0x00000000c0a511c8,0x00000000c5200000)
 PSPermGen       total 21504K, used 5982K [0x00000000bae00000, 0x00000000bc300000, 0x00000000c0000000)
  object space 21504K, 27% used [0x00000000bae00000,0x00000000bb3d7a20,0x00000000bc300000)
Event: 5.211 GC heap after
Heap after GC invocations=4 (full 0):
 PSYoungGen      total 69632K, used 5109K [0x00000000eaa80000, 0x00000000ef380000, 0x0000000100000000)
  eden space 64512K, 0% used [0x00000000eaa80000,0x00000000eaa80000,0x00000000ee980000)
  from space 5120K, 99% used [0x00000000eee80000,0x00000000ef37d600,0x00000000ef380000)
  to   space 5120K, 0% used [0x00000000ee980000,0x00000000ee980000,0x00000000eee80000)
 ParOldGen       total 83968K, used 15460K [0x00000000c0000000, 0x00000000c5200000, 0x00000000eaa80000)
  object space 83968K, 18% used [0x00000000c0000000,0x00000000c0f19308,0x00000000c5200000)
 PSPermGen       total 21504K, used 5982K [0x00000000bae00000, 0x00000000bc300000, 0x00000000c0000000)
  object space 21504K, 27% used [0x00000000bae00000,0x00000000bb3d7a20,0x00000000bc300000)
}

Deoptimization events (10 events):
Event: 5.120 Thread 0x0000000009f66800 Uncommon trap: reason=unreached action=reinterpret pc=0x00000000027190ac method=com.android.dx.ssa.LocalVariableExtractor.processBlock(I)V @ 251
Event: 5.544 Thread 0x0000000009e64000 Uncommon trap: reason=null_check action=make_not_entrant pc=0x000000000284db4c method=com.android.dx.dex.file.MethodIdsSection.intern(Lcom/android/dx/rop/cst/CstBaseMethodRef;)Lcom/android/dx/dex/file/MethodIdItem; @ 26
Event: 6.117 Thread 0x000000000a781000 Uncommon trap: reason=null_check action=make_not_entrant pc=0x0000000002785380 method=com.android.dx.dex.file.TypeIdsSection.intern(Lcom/android/dx/rop/cst/CstType;)Lcom/android/dx/dex/file/TypeIdItem; @ 31
Event: 6.703 Thread 0x000000000a781000 Uncommon trap: reason=unreached action=reinterpret pc=0x000000000285a1cc method=com.android.dx.dex.code.OutputFinisher.findOpcodeForInsn(Lcom/android/dx/dex/code/DalvInsn;Lcom/android/dx/dex/code/Dop;)Lcom/android/dx/dex/code/Dop; @ 1
Event: 6.704 Thread 0x000000000a781000 Uncommon trap: reason=unreached action=reinterpret pc=0x000000000278f068 method=com.android.dx.dex.code.OutputFinisher.findOpcodeForInsn(Lcom/android/dx/dex/code/DalvInsn;Lcom/android/dx/dex/code/Dop;)Lcom/android/dx/dex/code/Dop; @ 1
Event: 6.843 Thread 0x000000000a781000 Uncommon trap: reason=bimorphic action=maybe_recompile pc=0x000000000277e720 method=com.android.dx.dex.code.OutputFinisher.calculateReservedCount([Lcom/android/dx/dex/code/Dop;)I @ 72
Event: 6.868 Thread 0x000000000a781000 Uncommon trap: reason=bimorphic action=maybe_recompile pc=0x000000000277e720 method=com.android.dx.dex.code.OutputFinisher.calculateReservedCount([Lcom/android/dx/dex/code/Dop;)I @ 72
Event: 6.871 Thread 0x000000000a781000 Uncommon trap: reason=bimorphic action=maybe_recompile pc=0x000000000277e720 method=com.android.dx.dex.code.OutputFinisher.calculateReservedCount([Lcom/android/dx/dex/code/Dop;)I @ 72
Event: 6.997 Thread 0x000000000a781000 Uncommon trap: reason=bimorphic action=maybe_recompile pc=0x000000000277e720 method=com.android.dx.dex.code.OutputFinisher.calculateReservedCount([Lcom/android/dx/dex/code/Dop;)I @ 72
Event: 6.997 Thread 0x000000000a781000 Uncommon trap: reason=bimorphic action=maybe_recompile pc=0x0000000002777e78 method=com.android.dx.dex.code.OutputFinisher.calculateReservedCount([Lcom/android/dx/dex/code/Dop;)I @ 72

Internal exceptions (10 events):
Event: 6.417 Thread 0x000000000a781000 Threw 0x00000000eb811ca8 at C:\re\jdk7u79\2331\hotspot\src\share\vm\prims\jvm.cpp:1304
Event: 6.418 Thread 0x000000000a781000 Threw 0x00000000eb815f00 at C:\re\jdk7u79\2331\hotspot\src\share\vm\prims\jvm.cpp:1304
Event: 6.703 Thread 0x000000000a781000 Threw 0x00000000eb85f4f0 at C:\re\jdk7u79\2331\hotspot\src\share\vm\prims\jvm.cpp:1304
Event: 6.997 Thread 0x000000000a781000 Threw 0x00000000eb987eb0 at C:\re\jdk7u79\2331\hotspot\src\share\vm\prims\jvm.cpp:1304
Event: 6.998 Thread 0x000000000a781000 Threw 0x00000000eb98ad88 at C:\re\jdk7u79\2331\hotspot\src\share\vm\prims\jvm.cpp:1304
Event: 6.999 Thread 0x000000000a781000 Threw 0x00000000eb98dac8 at C:\re\jdk7u79\2331\hotspot\src\share\vm\prims\jvm.cpp:1304
Event: 7.294 Thread 0x000000000a781000 Threw 0x00000000ebc17188 at C:\re\jdk7u79\2331\hotspot\src\share\vm\prims\jvm.cpp:1304
Event: 7.295 Thread 0x000000000a781000 Threw 0x00000000ebc22a28 at C:\re\jdk7u79\2331\hotspot\src\share\vm\prims\jvm.cpp:1304
Event: 7.296 Thread 0x000000000a781000 Threw 0x00000000ebc25280 at C:\re\jdk7u79\2331\hotspot\src\share\vm\prims\jvm.cpp:1304
Event: 7.597 Thread 0x000000000a781000 Threw 0x00000000ebdec9d0 at C:\re\jdk7u79\2331\hotspot\src\share\vm\prims\jvm.cpp:1304

Events (10 events):
Event: 6.999 loading class 0x0000000009e25650
Event: 6.999 loading class 0x0000000009e25650 done
Event: 7.294 loading class 0x000000000a050f00
Event: 7.294 loading class 0x000000000a050f00 done
Event: 7.295 loading class 0x000000000a051340
Event: 7.295 loading class 0x000000000a051340 done
Event: 7.296 loading class 0x000000000a051380
Event: 7.296 loading class 0x000000000a051380 done
Event: 7.597 loading class 0x0000000009fd6d30
Event: 7.597 loading class 0x0000000009fd6d30 done


Dynamic libraries:
0x00007ff6565b0000 - 0x00007ff6565e3000 	C:\Program Files\Java\jdk1.7.0_79\bin\java.exe
0x00007ffa1a1a0000 - 0x00007ffa1a361000 	C:\WINDOWS\SYSTEM32\ntdll.dll
0x00007ffa17e80000 - 0x00007ffa17f2d000 	C:\WINDOWS\system32\KERNEL32.DLL
0x00007ffa16bf0000 - 0x00007ffa16dd8000 	C:\WINDOWS\system32\KERNELBASE.dll
0x00007ffa175c0000 - 0x00007ffa17667000 	C:\WINDOWS\system32\ADVAPI32.dll
0x00007ffa18810000 - 0x00007ffa188ad000 	C:\WINDOWS\system32\msvcrt.dll
0x00007ffa18360000 - 0x00007ffa183bb000 	C:\WINDOWS\system32\sechost.dll
0x00007ffa18240000 - 0x00007ffa1835c000 	C:\WINDOWS\system32\RPCRT4.dll
0x00007ffa17d20000 - 0x00007ffa17e76000 	C:\WINDOWS\system32\USER32.dll
0x00007ffa18580000 - 0x00007ffa18706000 	C:\WINDOWS\system32\GDI32.dll
0x00007ffa11380000 - 0x00007ffa115f4000 	C:\WINDOWS\WinSxS\amd64_microsoft.windows.common-controls_6595b64144ccf1df_6.0.10586.0_none_8c15ae12515e1c22\COMCTL32.dll
0x00007ffa188b0000 - 0x00007ffa18b2d000 	C:\WINDOWS\system32\combase.dll
0x00007ffa16e00000 - 0x00007ffa16e6a000 	C:\WINDOWS\system32\bcryptPrimitives.dll
0x00007ffa187d0000 - 0x00007ffa1880b000 	C:\WINDOWS\system32\IMM32.DLL
0x0000000054a60000 - 0x0000000054b32000 	C:\Program Files\Java\jdk1.7.0_79\jre\bin\msvcr100.dll
0x0000000054fd0000 - 0x00000000557a5000 	C:\Program Files\Java\jdk1.7.0_79\jre\bin\server\jvm.dll
0x00007ffa17d10000 - 0x00007ffa17d18000 	C:\WINDOWS\system32\PSAPI.DLL
0x00007ffa05e20000 - 0x00007ffa05e29000 	C:\WINDOWS\SYSTEM32\WSOCK32.dll
0x00007ffa17f30000 - 0x00007ffa17f9b000 	C:\WINDOWS\system32\WS2_32.dll
0x00007ffa149e0000 - 0x00007ffa14a03000 	C:\WINDOWS\SYSTEM32\WINMM.dll
0x00007ffa147d0000 - 0x00007ffa147fc000 	C:\WINDOWS\SYSTEM32\WINMMBASE.dll
0x00007ffa174c0000 - 0x00007ffa17503000 	C:\WINDOWS\system32\cfgmgr32.dll
0x0000000054ee0000 - 0x0000000054eef000 	C:\Program Files\Java\jdk1.7.0_79\jre\bin\verify.dll
0x0000000054eb0000 - 0x0000000054ed8000 	C:\Program Files\Java\jdk1.7.0_79\jre\bin\java.dll
0x0000000054e90000 - 0x0000000054ea5000 	C:\Program Files\Java\jdk1.7.0_79\jre\bin\zip.dll
0x0000000054e70000 - 0x0000000054e8a000 	C:\Program Files\Java\jdk1.7.0_79\jre\bin\net.dll
0x00007ffa16090000 - 0x00007ffa160ec000 	C:\WINDOWS\system32\mswsock.dll
0x0000000054e50000 - 0x0000000054e61000 	C:\Program Files\Java\jdk1.7.0_79\jre\bin\nio.dll

VM Arguments:
jvm_args: -Djava.awt.headless=true -Xmx1024M -Dfile.encoding=GBK -Duser.country=CN -Duser.language=zh -Duser.variant 
java_command: com.android.dx.command.Main --dex --force-jumbo --num-threads=4 --multi-dex --output C:\Users\Reiky\Desktop\Android_ING\OnceFm\app\build\intermediates\transforms\dex\debug\folders\1000\10\com.android.support-recyclerview-v7-21.0.0_1a556305a7587c4646022c614fca7ad01ad2c50d C:\Users\Reiky\Desktop\Android_ING\OnceFm\app\build\intermediates\exploded-aar\com.android.support\recyclerview-v7\21.0.0\jars\classes.jar
Launcher Type: SUN_STANDARD

Environment Variables:
PATH=C:\Program Files (x86)\Intel\iCLS Client\;C:\Program Files\Intel\iCLS Client\;C:\WINDOWS\system32;C:\WINDOWS;C:\WINDOWS\System32\Wbem;C:\WINDOWS\System32\WindowsPowerShell\v1.0\;C:\Program Files\Condusiv Technologies\ExpressCache\;C:\Program Files\Java\jdk1.7.0_79\bin;C:\Users\Reiky\AppData\Local\GitHub\PortableGit_c7e0cbde92ba565cb218a521411d0e854079a28c\bin;C:\Program Files (x86)\Intel\Intel(R) Management Engine Components\DAL;C:\Program Files\Intel\Intel(R) Management Engine Components\DAL;C:\Program Files (x86)\Intel\Intel(R) Management Engine Components\IPT;C:\Program Files\Intel\Intel(R) Management Engine Components\IPT;C:\Python34;C:\Program Files\Intel\WiFi\bin\;C:\Program Files\Common Files\Intel\WirelessCommon\;C:\Program Files\Android\Android Studio\gradle\gradle-2.10\bin;C:\Program Files (x86)\Common Files\Acronis\SnapAPI\;C:\Python35\Scripts\;C:\Python35\;C:\WINDOWS\system32;C:\WINDOWS;C:\WINDOWS\System32\Wbem;C:\WINDOWS\System32\WindowsPowerShell\v1.0\;C:\Program Files\Condusiv Technologies\ExpressCache\;C:\Program Files\Java\jdk1.7.0_79\bin;C:\Program Files\TortoiseGit\bin;C:\Program Files\Intel\WiFi\bin\;C:\Program Files\Common Files\Intel\WirelessCommon\
USERNAME=Reiky
OS=Windows_NT
PROCESSOR_IDENTIFIER=Intel64 Family 6 Model 69 Stepping 1, GenuineIntel



---------------  S Y S T E M  ---------------

OS: Windows 8.1 , 64 bit Build 9600 

CPU:total 4 (2 cores per cpu, 2 threads per core) family 6 model 69 stepping 1, cmov, cx8, fxsr, mmx, sse, sse2, sse3, ssse3, sse4.1, sse4.2, popcnt, avx, avx2, erms, ht, tsc, tscinvbit

Memory: 4k page, physical 8085148k(1184080k free), swap 8085148k(36084k free)

vm_info: Java HotSpot(TM) 64-Bit Server VM (24.79-b02) for windows-amd64 JRE (1.7.0_79-b15), built on Apr 10 2015 12:36:16 by "java_re" with unknown MS VC++:1600

time: Sun May 22 00:11:53 2016
elapsed time: 7 seconds

