#
# There is insufficient memory for the Java Runtime Environment to continue.
# Native memory allocation (malloc) failed to allocate 213536 bytes for Chunk::new
# Possible reasons:
#   The system is out of physical RAM or swap space
#   In 32 bit mode, the process size limit was hit
# Possible solutions:
#   Reduce memory load on the system
#   Increase physical memory or swap space
#   Check if swap backing store is full
#   Use 64 bit Java on a 64 bit OS
#   Decrease Java heap size (-Xmx/-Xms)
#   Decrease number of Java threads
#   Decrease Java thread stack sizes (-Xss)
#   Set larger code cache with -XX:ReservedCodeCacheSize=
# This output file may be truncated or incomplete.
#
#  Out of Memory Error (allocation.cpp:323), pid=3508, tid=1780
#
# JRE version: Java(TM) SE Runtime Environment (7.0_79-b15) (build 1.7.0_79-b15)
# Java VM: Java HotSpot(TM) 64-Bit Server VM (24.79-b02 mixed mode windows-amd64 compressed oops)
# Failed to write core dump. Minidumps are not enabled by default on client versions of Windows
#

---------------  T H R E A D  ---------------

Current thread (0x00000000084bf000):  JavaThread "C2 CompilerThread0" daemon [_thread_in_native, id=1780, stack(0x0000000009a20000,0x0000000009b20000)]

Stack: [0x0000000009a20000,0x0000000009b20000]

Current CompileTask:
C2:   2249  156             com.android.dx.ssa.NormalSsaInsn::accept (25 bytes)


---------------  P R O C E S S  ---------------

Java Threads: ( => current thread )
  0x0000000009f74800 JavaThread "pool-2-thread-4" [_thread_in_Java, id=5780, stack(0x000000000a620000,0x000000000a720000)]
  0x0000000009f67000 JavaThread "pool-2-thread-3" [_thread_in_vm, id=4860, stack(0x000000000a520000,0x000000000a620000)]
  0x0000000009f6d800 JavaThread "pool-2-thread-2" [_thread_in_vm, id=2956, stack(0x000000000a420000,0x000000000a520000)]
  0x0000000009e9f800 JavaThread "pool-3-thread-1" [_thread_in_Java, id=8240, stack(0x000000000a320000,0x000000000a420000)]
  0x0000000009f1c800 JavaThread "pool-2-thread-1" [_thread_in_Java, id=936, stack(0x000000000a220000,0x000000000a320000)]
  0x00000000084d3800 JavaThread "Service Thread" daemon [_thread_blocked, id=6048, stack(0x0000000009c20000,0x0000000009d20000)]
  0x00000000084c0800 JavaThread "C2 CompilerThread1" daemon [_thread_in_native, id=4460, stack(0x0000000009b20000,0x0000000009c20000)]
=>0x00000000084bf000 JavaThread "C2 CompilerThread0" daemon [_thread_in_native, id=1780, stack(0x0000000009a20000,0x0000000009b20000)]
  0x00000000084be000 JavaThread "Attach Listener" daemon [_thread_blocked, id=1020, stack(0x0000000009920000,0x0000000009a20000)]
  0x00000000084bb000 JavaThread "Signal Dispatcher" daemon [_thread_blocked, id=9648, stack(0x0000000009820000,0x0000000009920000)]
  0x0000000008469000 JavaThread "Finalizer" daemon [_thread_blocked, id=9720, stack(0x0000000009720000,0x0000000009820000)]
  0x0000000008464800 JavaThread "Reference Handler" daemon [_thread_blocked, id=3732, stack(0x0000000009620000,0x0000000009720000)]
  0x00000000001dd800 JavaThread "main" [_thread_in_native, id=4472, stack(0x00000000024d0000,0x00000000025d0000)]