#
# There is insufficient memory for the Java Runtime Environment to continue.
# Native memory allocation (malloc) failed to allocate 66880 bytes for Chunk::new
# Possible reasons:
#   The system is out of physical RAM or swap space
#   In 32 bit mode, the process size limit was hit
# Possible solutions:
#   Reduce memory load on the system
#   Increase physical memory or swap space
#   Check if swap backing store is full
#   Use 64 bit Java on a 64 bit OS
#   Decrease Java heap size (-Xmx/-Xms)
#   Decrease number of Java threads
#   Decrease Java thread stack sizes (-Xss)
#   Set larger code cache with -XX:ReservedCodeCacheSize=
# This output file may be truncated or incomplete.
#
#  Out of Memory Error (allocation.cpp:323), pid=1040, tid=8568
#
# JRE version: Java(TM) SE Runtime Environment (7.0_79-b15) (build 1.7.0_79-b15)
# Java VM: Java HotSpot(TM) 64-Bit Server VM (24.79-b02 mixed mode windows-amd64 compressed oops)
# Failed to write core dump. Minidumps are not enabled by default on client versions of Windows
#

---------------  T H R E A D  ---------------

Current thread (0x0000000008443000):  JavaThread "C2 CompilerThread1" daemon [_thread_in_native, id=8568, stack(0x0000000009a90000,0x0000000009b90000)]

Stack: [0x0000000009a90000,0x0000000009b90000]

Current CompileTask:
C2:   3727  250             com.android.dx.ssa.SsaRenamer$BlockRenamer::process (191 bytes)


---------------  P R O C E S S  ---------------

Java Threads: ( => current thread )
  0x0000000009f70000 JavaThread "pool-2-thread-4" [_thread_blocked, id=5784, stack(0x000000000a590000,0x000000000a690000)]
  0x0000000009f16800 JavaThread "pool-2-thread-3" [_thread_in_Java, id=7268, stack(0x000000000a490000,0x000000000a590000)]
  0x0000000009f16000 JavaThread "pool-2-thread-2" [_thread_in_Java, id=1328, stack(0x000000000a390000,0x000000000a490000)]
  0x0000000009fa1000 JavaThread "pool-3-thread-1" [_thread_blocked, id=4384, stack(0x000000000a290000,0x000000000a390000)]
  0x0000000009f4e800 JavaThread "pool-2-thread-1" [_thread_in_Java, id=5204, stack(0x000000000a190000,0x000000000a290000)]
  0x0000000008454800 JavaThread "Service Thread" daemon [_thread_blocked, id=5100, stack(0x0000000009b90000,0x0000000009c90000)]
=>0x0000000008443000 JavaThread "C2 CompilerThread1" daemon [_thread_in_native, id=8568, stack(0x0000000009a90000,0x0000000009b90000)]
  0x0000000008441000 JavaThread "C2 CompilerThread0" daemon [_thread_in_native, id=8688, stack(0x0000000009990000,0x0000000009a90000)]
  0x0000000008440000 JavaThread "Attach Listener" daemon [_thread_blocked, id=3940, stack(0x0000000009890000,0x0000000009990000)]
  0x000000000841e800 JavaThread "Signal Dispatcher" daemon [_thread_blocked, id=2980, stack(0x0000000009790000,0x0000000009890000)]
  0x00000000083e9000 JavaThread "Finalizer" daemon [_thread_blocked, id=2764, stack(0x0000000009690000,0x0000000009790000)]
  0x00000000083e4800 JavaThread "Reference Handler" daemon [_thread_blocked, id=9312, stack(0x0000000009590000,0x0000000009690000)]
  0x000000000244d800 JavaThread "main" [_thread_in_Java, id=8524, stack(0x0000000002450000,0x0000000002550000)]

Other Threads:
  0x00000000083e0800 VMThread [stack: 0x0000000009490000,0x0000000009590000] [id=9632]
  0x000000000845e000 WatcherThread [stack: 0x0000000009c90000,0x0000000009d90000] [id=9044]

VM state:not at safepoint (normal execution)

VM Mutex/Monitor currently owned by a thread: None

Heap
 PSYoungGen      total 37376K, used 14517K [0x00000000eaa80000, 0x00000000ed400000, 0x0000000100000000)
  eden space 32256K, 29% used [0x00000000eaa80000,0x00000000eb3b1e48,0x00000000eca00000)
  from space 5120K, 99% used [0x00000000eca00000,0x00000000ecefb670,0x00000000ecf00000)
  to   space 5120K, 0% used [0x00000000ecf00000,0x00000000ecf00000,0x00000000ed400000)
 ParOldGen       total 83968K, used 768K [0x00000000c0000000, 0x00000000c5200000, 0x00000000eaa80000)
  object space 83968K, 0% used [0x00000000c0000000,0x00000000c00c01f8,0x00000000c5200000)
 PSPermGen       total 21504K, used 5866K [0x00000000bae00000, 0x00000000bc300000, 0x00000000c0000000)
  object space 21504K, 27% used [0x00000000bae00000,0x00000000bb3ba9d0,0x00000000bc300000)

Card table byte_map: [0x0000000005650000,0x0000000005880000] byte_map_base: 0x0000000005079000

Polling page: 0x00000000001f0000

Code Cache  [0x0000000002650000, 0x00000000028c0000, 0x0000000005650000)
 total_blobs=488 nmethods=249 adapters=191 free_code_cache=48213Kb largest_free_block=49332352

Compilation events (10 events):
Event: 3.585 Thread 0x0000000008443000 nmethod 245 0x000000000272bd50 code [0x000000000272bea0, 0x000000000272bf58]
Event: 3.585 Thread 0x0000000008443000  246             com.android.dx.ssa.SsaBasicBlock::newFromRop (183 bytes)
Event: 3.637 Thread 0x0000000008443000 nmethod 246 0x000000000273bd50 code [0x000000000273bfe0, 0x000000000273d540]
Event: 3.638 Thread 0x0000000008443000  247             com.android.dx.util.BitIntSet::<init> (13 bytes)
Event: 3.639 Thread 0x0000000008443000 nmethod 247 0x000000000272d650 code [0x000000000272d7a0, 0x000000000272d8b8]
Event: 3.639 Thread 0x0000000008443000  248             com.android.dx.ssa.back.IdenticalBlockCombiner::process (323 bytes)
Event: 3.704 Thread 0x0000000008443000 nmethod 248 0x000000000273edd0 code [0x000000000273f0a0, 0x0000000002740e58]
Event: 3.705 Thread 0x0000000008443000  249             java.util.ArrayList$SubList::checkForComodification (23 bytes)
Event: 3.705 Thread 0x0000000008443000 nmethod 249 0x000000000273bb10 code [0x000000000273bc40, 0x000000000273bcb8]
Event: 3.705 Thread 0x0000000008443000  250             com.android.dx.ssa.SsaRenamer$BlockRenamer::process (191 bytes)

GC Heap History (2 events):
Event: 3.303 GC heap before
{Heap before GC invocations=1 (full 0):
 PSYoungGen      total 37376K, used 32256K [0x00000000eaa80000, 0x00000000ed400000, 0x0000000100000000)
  eden space 32256K, 100% used [0x00000000eaa80000,0x00000000eca00000,0x00000000eca00000)
  from space 5120K, 0% used [0x00000000ecf00000,0x00000000ecf00000,0x00000000ed400000)
  to   space 5120K, 0% used [0x00000000eca00000,0x00000000eca00000,0x00000000ecf00000)
 ParOldGen       total 83968K, used 0K [0x00000000c0000000, 0x00000000c5200000, 0x00000000eaa80000)
  object space 83968K, 0% used [0x00000000c0000000,0x00000000c0000000,0x00000000c5200000)
 PSPermGen       total 21504K, used 5808K [0x00000000bae00000, 0x00000000bc300000, 0x00000000c0000000)
  object space 21504K, 27% used [0x00000000bae00000,0x00000000bb3ac1e0,0x00000000bc300000)
Event: 3.314 GC heap after
Heap after GC invocations=1 (full 0):
 PSYoungGen      total 37376K, used 5101K [0x00000000eaa80000, 0x00000000ed400000, 0x0000000100000000)
  eden space 32256K, 0% used [0x00000000eaa80000,0x00000000eaa80000,0x00000000eca00000)
  from space 5120K, 99% used [0x00000000eca00000,0x00000000ecefb670,0x00000000ecf00000)
  to   space 5120K, 0% used [0x00000000ecf00000,0x00000000ecf00000,0x00000000ed400000)
 ParOldGen       total 83968K, used 768K [0x00000000c0000000, 0x00000000c5200000, 0x00000000eaa80000)
  object space 83968K, 0% used [0x00000000c0000000,0x00000000c00c01f8,0x00000000c5200000)
 PSPermGen       total 21504K, used 5808K [0x00000000bae00000, 0x00000000bc300000, 0x00000000c0000000)
  object space 21504K, 27% used [0x00000000bae00000,0x00000000bb3ac1e0,0x00000000bc300000)
}

Deoptimization events (8 events):
Event: 2.390 Thread 0x000000000244d800 Uncommon trap: reason=class_check action=maybe_recompile pc=0x00000000026cd5b4 method=com.android.dx.ssa.NormalSsaInsn.accept(Lcom/android/dx/ssa/SsaInsn$Visitor;)V @ 9
Event: 2.443 Thread 0x0000000009f16000 Uncommon trap: reason=class_check action=maybe_recompile pc=0x00000000026cd5b4 method=com.android.dx.ssa.NormalSsaInsn.accept(Lcom/android/dx/ssa/SsaInsn$Visitor;)V @ 9
Event: 2.443 Thread 0x0000000009f16000 Uncommon trap: reason=class_check action=maybe_recompile pc=0x00000000026cd5b4 method=com.android.dx.ssa.NormalSsaInsn.accept(Lcom/android/dx/ssa/SsaInsn$Visitor;)V @ 9
Event: 2.443 Thread 0x0000000009f16000 Uncommon trap: reason=class_check action=maybe_recompile pc=0x00000000026cd5b4 method=com.android.dx.ssa.NormalSsaInsn.accept(Lcom/android/dx/ssa/SsaInsn$Visitor;)V @ 9
Event: 2.642 Thread 0x0000000009f70000 Uncommon trap: reason=null_check action=make_not_entrant pc=0x00000000026d6c60 method=com.android.dx.rop.code.LocalItem.equals(Ljava/lang/Object;)Z @ 1
Event: 3.063 Thread 0x0000000009f4e800 Uncommon trap: reason=unreached action=reinterpret pc=0x00000000026d4b44 method=com.android.dx.rop.cst.Constant.compareTo(Lcom/android/dx/rop/cst/Constant;)I @ 12
Event: 3.500 Thread 0x0000000009f16000 Uncommon trap: reason=null_check action=make_not_entrant pc=0x0000000002718904 method=com.android.dx.ssa.SsaRenamer.getLocalForNewReg(I)Lcom/android/dx/rop/code/LocalItem; @ 19
Event: 3.558 Thread 0x0000000009f70000 Uncommon trap: reason=null_check action=make_not_entrant pc=0x00000000026fb714 method=com.android.dx.rop.type.Type.equals(Ljava/lang/Object;)Z @ 8

Internal exceptions (10 events):
Event: 2.117 Thread 0x0000000009f4e800 Threw 0x00000000eb90da20 at C:\re\jdk7u79\2331\hotspot\src\share\vm\prims\jvm.cpp:1304
Event: 2.136 Thread 0x000000000244d800 Threw 0x00000000eb658118 at C:\re\jdk7u79\2331\hotspot\src\share\vm\prims\jvm.cpp:1304
Event: 2.146 Thread 0x000000000244d800 Threw 0x00000000eb6793b0 at C:\re\jdk7u79\2331\hotspot\src\share\vm\prims\jvm.cpp:1304
Event: 2.157 Thread 0x000000000244d800 Threw 0x00000000eba60988 at C:\re\jdk7u79\2331\hotspot\src\share\vm\prims\jvm.cpp:1304
Event: 2.168 Thread 0x0000000009f16800 Threw 0x00000000eb9ed350 at C:\re\jdk7u79\2331\hotspot\src\share\vm\prims\jvm.cpp:1304
Event: 2.415 Thread 0x000000000244d800 Threw 0x00000000ebb8fe30 at C:\re\jdk7u79\2331\hotspot\src\share\vm\prims\jvm.cpp:1304
Event: 2.468 Thread 0x0000000009f16800 Threw 0x00000000ebd19388 at C:\re\jdk7u79\2331\hotspot\src\share\vm\prims\jvm.cpp:1304
Event: 2.642 Thread 0x0000000009f70000 Implicit null exception at 0x00000000026d6853 to 0x00000000026d6c4d
Event: 3.500 Thread 0x0000000009f16000 Implicit null exception at 0x000000000271752c to 0x00000000027188d9
Event: 3.558 Thread 0x0000000009f70000 Implicit null exception at 0x00000000026fb612 to 0x00000000026fb705

Events (10 events):
Event: 3.063 Thread 0x0000000009f4e800 DEOPT PACKING pc=0x00000000026d4b44 sp=0x000000000a28e440
Event: 3.063 Thread 0x0000000009f4e800 DEOPT UNPACKING pc=0x00000000026875a4 sp=0x000000000a28e3e0 mode 2
Event: 3.280 Executing VM operation: ParallelGCFailedAllocation
Event: 3.314 Executing VM operation: ParallelGCFailedAllocation done
Event: 3.500 Thread 0x0000000009f16000 Uncommon trap: trap_request=0xfffffff4 fr.pc=0x0000000002718904
Event: 3.500 Thread 0x0000000009f16000 DEOPT PACKING pc=0x0000000002718904 sp=0x000000000a48e7d0
Event: 3.500 Thread 0x0000000009f16000 DEOPT UNPACKING pc=0x00000000026875a4 sp=0x000000000a48e568 mode 2
Event: 3.558 Thread 0x0000000009f70000 Uncommon trap: trap_request=0xfffffff4 fr.pc=0x00000000026fb714
Event: 3.558 Thread 0x0000000009f70000 DEOPT PACKING pc=0x00000000026fb714 sp=0x000000000a68e9d0
Event: 3.558 Thread 0x0000000009f70000 DEOPT UNPACKING pc=0x00000000026875a4 sp=0x000000000a68e968 mode 2


Dynamic libraries:
0x00007ff6565b0000 - 0x00007ff6565e3000 	C:\Program Files\Java\jdk1.7.0_79\bin\java.exe
0x00007ffa1a1a0000 - 0x00007ffa1a361000 	C:\WINDOWS\SYSTEM32\ntdll.dll
0x00007ffa17e80000 - 0x00007ffa17f2d000 	C:\WINDOWS\system32\KERNEL32.DLL
0x00007ffa16bf0000 - 0x00007ffa16dd8000 	C:\WINDOWS\system32\KERNELBASE.dll
0x00007ffa175c0000 - 0x00007ffa17667000 	C:\WINDOWS\system32\ADVAPI32.dll
0x00007ffa18810000 - 0x00007ffa188ad000 	C:\WINDOWS\system32\msvcrt.dll
0x00007ffa18360000 - 0x00007ffa183bb000 	C:\WINDOWS\system32\sechost.dll
0x00007ffa18240000 - 0x00007ffa1835c000 	C:\WINDOWS\system32\RPCRT4.dll
0x00007ffa17d20000 - 0x00007ffa17e76000 	C:\WINDOWS\system32\USER32.dll
0x00007ffa18580000 - 0x00007ffa18706000 	C:\WINDOWS\system32\GDI32.dll
0x00007ffa11380000 - 0x00007ffa115f4000 	C:\WINDOWS\WinSxS\amd64_microsoft.windows.common-controls_6595b64144ccf1df_6.0.10586.0_none_8c15ae12515e1c22\COMCTL32.dll
0x00007ffa188b0000 - 0x00007ffa18b2d000 	C:\WINDOWS\system32\combase.dll
0x00007ffa16e00000 - 0x00007ffa16e6a000 	C:\WINDOWS\system32\bcryptPrimitives.dll
0x00007ffa187d0000 - 0x00007ffa1880b000 	C:\WINDOWS\system32\IMM32.DLL
0x0000000054a60000 - 0x0000000054b32000 	C:\Program Files\Java\jdk1.7.0_79\jre\bin\msvcr100.dll
0x0000000054fd0000 - 0x00000000557a5000 	C:\Program Files\Java\jdk1.7.0_79\jre\bin\server\jvm.dll
0x00007ffa17d10000 - 0x00007ffa17d18000 	C:\WINDOWS\system32\PSAPI.DLL
0x00007ffa05e20000 - 0x00007ffa05e29000 	C:\WINDOWS\SYSTEM32\WSOCK32.dll
0x00007ffa17f30000 - 0x00007ffa17f9b000 	C:\WINDOWS\system32\WS2_32.dll
0x00007ffa149e0000 - 0x00007ffa14a03000 	C:\WINDOWS\SYSTEM32\WINMM.dll
0x00007ffa147d0000 - 0x00007ffa147fc000 	C:\WINDOWS\SYSTEM32\WINMMBASE.dll
0x00007ffa174c0000 - 0x00007ffa17503000 	C:\WINDOWS\system32\cfgmgr32.dll
0x0000000054ee0000 - 0x0000000054eef000 	C:\Program Files\Java\jdk1.7.0_79\jre\bin\verify.dll
0x0000000054eb0000 - 0x0000000054ed8000 	C:\Program Files\Java\jdk1.7.0_79\jre\bin\java.dll
0x0000000054e90000 - 0x0000000054ea5000 	C:\Program Files\Java\jdk1.7.0_79\jre\bin\zip.dll
0x0000000054e70000 - 0x0000000054e8a000 	C:\Program Files\Java\jdk1.7.0_79\jre\bin\net.dll
0x00007ffa16090000 - 0x00007ffa160ec000 	C:\WINDOWS\system32\mswsock.dll
0x0000000054e50000 - 0x0000000054e61000 	C:\Program Files\Java\jdk1.7.0_79\jre\bin\nio.dll

VM Arguments:
jvm_args: -Djava.awt.headless=true -Xmx1024M -Dfile.encoding=GBK -Duser.country=CN -Duser.language=zh -Duser.variant 
java_command: com.android.dx.command.Main --dex --force-jumbo --num-threads=4 --multi-dex --output C:\Users\Reiky\Desktop\Android_ING\OnceFm\app\build\intermediates\transforms\dex\debug\folders\1000\10\internal_impl-23.4.0_816cfde395fe7c56111c4c1b2045625707ad8ccf C:\Users\Reiky\Desktop\Android_ING\OnceFm\app\build\intermediates\exploded-aar\com.android.support\support-v4\23.4.0\jars\libs\internal_impl-23.4.0.jar
Launcher Type: SUN_STANDARD

Environment Variables:
PATH=C:\Program Files (x86)\Intel\iCLS Client\;C:\Program Files\Intel\iCLS Client\;C:\WINDOWS\system32;C:\WINDOWS;C:\WINDOWS\System32\Wbem;C:\WINDOWS\System32\WindowsPowerShell\v1.0\;C:\Program Files\Condusiv Technologies\ExpressCache\;C:\Program Files\Java\jdk1.7.0_79\bin;C:\Users\Reiky\AppData\Local\GitHub\PortableGit_c7e0cbde92ba565cb218a521411d0e854079a28c\bin;C:\Program Files (x86)\Intel\Intel(R) Management Engine Components\DAL;C:\Program Files\Intel\Intel(R) Management Engine Components\DAL;C:\Program Files (x86)\Intel\Intel(R) Management Engine Components\IPT;C:\Program Files\Intel\Intel(R) Management Engine Components\IPT;C:\Python34;C:\Program Files\Intel\WiFi\bin\;C:\Program Files\Common Files\Intel\WirelessCommon\;C:\Program Files\Android\Android Studio\gradle\gradle-2.10\bin;C:\Program Files (x86)\Common Files\Acronis\SnapAPI\;C:\Python35\Scripts\;C:\Python35\;C:\WINDOWS\system32;C:\WINDOWS;C:\WINDOWS\System32\Wbem;C:\WINDOWS\System32\WindowsPowerShell\v1.0\;C:\Program Files\Condusiv Technologies\ExpressCache\;C:\Program Files\Java\jdk1.7.0_79\bin;C:\Program Files\TortoiseGit\bin;C:\Program Files\Intel\WiFi\bin\;C:\Program Files\Common Files\Intel\WirelessCommon\
USERNAME=Reiky
OS=Windows_NT
PROCESSOR_IDENTIFIER=Intel64 Family 6 Model 69 Stepping 1, GenuineIntel



---------------  S Y S T E M  ---------------

OS: Windows 8.1 , 64 bit Build 9600 

CPU:total 4 (2 cores per cpu, 2 threads per core) family 6 model 69 stepping 1, cmov, cx8, fxsr, mmx, sse, sse2, sse3, ssse3, sse4.1, sse4.2, popcnt, avx, avx2, erms, ht, tsc, tscinvbit

Memory: 4k page, physical 8085148k(1060312k free), swap 8085148k(4104k free)

vm_info: Java HotSpot(TM) 64-Bit Server VM (24.79-b02) for windows-amd64 JRE (1.7.0_79-b15), built on Apr 10 2015 12:36:16 by "java_re" with unknown MS VC++:1600

time: Sat May 21 23:34:57 2016
elapsed time: 3 seconds

